0 info it worked if it ends with ok
1 verbose cli [ '/usr/bin/node', '/usr/bin/npm', 'install', '--global', 'yarn' ]
2 info using npm@3.10.10
3 info using node@v6.16.0
4 silly loadCurrentTree Starting
5 silly install loadCurrentTree
6 silly install readGlobalPackageData
7 silly fetchPackageMetaData yarn
8 silly fetchNamedPackageData yarn
9 silly mapToRegistry name yarn
10 silly mapToRegistry using default registry
11 silly mapToRegistry registry https://registry.npmjs.org/
12 silly mapToRegistry data Result {
12 silly mapToRegistry   raw: 'yarn',
12 silly mapToRegistry   scope: null,
12 silly mapToRegistry   escapedName: 'yarn',
12 silly mapToRegistry   name: 'yarn',
12 silly mapToRegistry   rawSpec: '',
12 silly mapToRegistry   spec: 'latest',
12 silly mapToRegistry   type: 'tag' }
13 silly mapToRegistry uri https://registry.npmjs.org/yarn
14 verbose request uri https://registry.npmjs.org/yarn
15 verbose request no auth needed
16 info attempt registry request try #1 at 12:17:58 AM
17 verbose request id 1a544709b78b234d
18 http request GET https://registry.npmjs.org/yarn
19 http 200 https://registry.npmjs.org/yarn
20 verbose headers { date: 'Mon, 18 Mar 2019 00:17:59 GMT',
20 verbose headers   'content-type': 'application/json',
20 verbose headers   'transfer-encoding': 'chunked',
20 verbose headers   connection: 'keep-alive',
20 verbose headers   'set-cookie': [ '__cfduid=d18cfdba240b9be06590c2d40b0b026a01552868279; expires=Tue, 17-Mar-20 00:17:59 GMT; path=/; domain=.registry.npmjs.org; HttpOnly' ],
20 verbose headers   'cf-cache-status': 'HIT',
20 verbose headers   'cache-control': 'max-age=300',
20 verbose headers   'cf-ray': '4b9306d7bdaea713-DUB',
20 verbose headers   etag: 'W/"5c78a35306040cf4fdcf392a678b366a"',
20 verbose headers   'expect-ct': 'max-age=604800, report-uri="https://report-uri.cloudflare.com/cdn-cgi/beacon/expect-ct"',
20 verbose headers   'last-modified': 'Fri, 15 Mar 2019 11:59:29 GMT',
20 verbose headers   vary: 'accept-encoding, accept',
20 verbose headers   'x-amz-meta-rev': '269-eccef4e2576c3bf7f1ab3603d91a2887',
20 verbose headers   server: 'cloudflare',
20 verbose headers   'content-encoding': 'gzip' }
21 silly get cb [ 200,
21 silly get   { date: 'Mon, 18 Mar 2019 00:17:59 GMT',
21 silly get     'content-type': 'application/json',
21 silly get     'transfer-encoding': 'chunked',
21 silly get     connection: 'keep-alive',
21 silly get     'set-cookie': [ '__cfduid=d18cfdba240b9be06590c2d40b0b026a01552868279; expires=Tue, 17-Mar-20 00:17:59 GMT; path=/; domain=.registry.npmjs.org; HttpOnly' ],
21 silly get     'cf-cache-status': 'HIT',
21 silly get     'cache-control': 'max-age=300',
21 silly get     'cf-ray': '4b9306d7bdaea713-DUB',
21 silly get     etag: 'W/"5c78a35306040cf4fdcf392a678b366a"',
21 silly get     'expect-ct': 'max-age=604800, report-uri="https://report-uri.cloudflare.com/cdn-cgi/beacon/expect-ct"',
21 silly get     'last-modified': 'Fri, 15 Mar 2019 11:59:29 GMT',
21 silly get     vary: 'accept-encoding, accept',
21 silly get     'x-amz-meta-rev': '269-eccef4e2576c3bf7f1ab3603d91a2887',
21 silly get     server: 'cloudflare',
21 silly get     'content-encoding': 'gzip' } ]
22 verbose get saving yarn to /home/codio/.npm/registry.npmjs.org/yarn/.cache.json
23 verbose correctMkdir /home/codio/.npm correctMkdir not in flight; initializing
24 verbose makeDirectory /home/codio/.npm creation not in flight; initializing
25 silly makeDirectory /home/codio/.npm uid: 1000 gid: 1000
26 silly install normalizeTree
27 silly loadCurrentTree Finishing
28 silly loadIdealTree Starting
29 silly install loadIdealTree
30 silly cloneCurrentTree Starting
31 silly install cloneCurrentTreeToIdealTree
32 silly cloneCurrentTree Finishing
33 silly loadShrinkwrap Starting
34 silly install loadShrinkwrap
35 silly loadShrinkwrap Finishing
36 silly loadAllDepsIntoIdealTree Starting
37 silly install loadAllDepsIntoIdealTree
38 silly resolveWithNewModule yarn@1.13.0 checking installable status
39 silly cache add args [ 'yarn', null ]
40 verbose cache add spec yarn
41 silly cache add parsed spec Result {
41 silly cache add   raw: 'yarn',
41 silly cache add   scope: null,
41 silly cache add   escapedName: 'yarn',
41 silly cache add   name: 'yarn',
41 silly cache add   rawSpec: '',
41 silly cache add   spec: 'latest',
41 silly cache add   type: 'tag' }
42 silly addNamed yarn@latest
43 verbose addNamed "latest" is being treated as a dist-tag for yarn
44 info addNameTag [ 'yarn', 'latest' ]
45 silly mapToRegistry name yarn
46 silly mapToRegistry using default registry
47 silly mapToRegistry registry https://registry.npmjs.org/
48 silly mapToRegistry data Result {
48 silly mapToRegistry   raw: 'yarn',
48 silly mapToRegistry   scope: null,
48 silly mapToRegistry   escapedName: 'yarn',
48 silly mapToRegistry   name: 'yarn',
48 silly mapToRegistry   rawSpec: '',
48 silly mapToRegistry   spec: 'latest',
48 silly mapToRegistry   type: 'tag' }
49 silly mapToRegistry uri https://registry.npmjs.org/yarn
50 verbose addNameTag registry:https://registry.npmjs.org/yarn not in flight; fetching
51 verbose get https://registry.npmjs.org/yarn not expired, no request
52 silly addNameTag next cb for yarn with tag latest
53 silly addNamed yarn@1.13.0
54 verbose addNamed "1.13.0" is a plain semver version for yarn
55 silly mapToRegistry name yarn
56 silly mapToRegistry using default registry
57 silly mapToRegistry registry https://registry.npmjs.org/
58 silly mapToRegistry data Result {
58 silly mapToRegistry   raw: 'yarn',
58 silly mapToRegistry   scope: null,
58 silly mapToRegistry   escapedName: 'yarn',
58 silly mapToRegistry   name: 'yarn',
58 silly mapToRegistry   rawSpec: '',
58 silly mapToRegistry   spec: 'latest',
58 silly mapToRegistry   type: 'tag' }
59 silly mapToRegistry uri https://registry.npmjs.org/yarn
60 verbose addRemoteTarball https://registry.npmjs.org/yarn/-/yarn-1.13.0.tgz not in flight; adding
61 verbose addRemoteTarball [ 'https://registry.npmjs.org/yarn/-/yarn-1.13.0.tgz',
61 verbose addRemoteTarball   'affa9c956739548024068532a902cf18c9cb523f' ]
62 info retry fetch attempt 1 at 12:17:59 AM
63 info attempt registry request try #1 at 12:17:59 AM
64 http fetch GET https://registry.npmjs.org/yarn/-/yarn-1.13.0.tgz
65 http fetch 200 https://registry.npmjs.org/yarn/-/yarn-1.13.0.tgz
66 silly fetchAndShaCheck shasum affa9c956739548024068532a902cf18c9cb523f
67 verbose addTmpTarball /tmp/npm-6065-dd95d10b/registry.npmjs.org/yarn/-/yarn-1.13.0.tgz not in flight; adding
68 verbose addTmpTarball already have metadata; skipping unpack for yarn@1.13.0
69 verbose correctMkdir /home/codio/.npm correctMkdir not in flight; initializing
70 silly cache afterAdd yarn@1.13.0
71 verbose afterAdd /home/codio/.npm/yarn/1.13.0/package/package.json not in flight; writing
72 verbose correctMkdir /home/codio/.npm correctMkdir not in flight; initializing
73 verbose afterAdd /home/codio/.npm/yarn/1.13.0/package/package.json written
74 silly loadAllDepsIntoIdealTree Finishing
75 silly loadIdealTree Finishing
76 silly currentTree lib
77 silly idealTree lib
77 silly idealTree └── yarn@1.13.0
78 silly generateActionsToTake Starting
79 silly install generateActionsToTake
80 warn checkPermissions Missing write access to /usr/lib/node_modules
81 silly rollbackFailedOptional Starting
82 silly rollbackFailedOptional Finishing
83 silly runTopLevelLifecycles Finishing
84 silly install printInstalled
85 verbose stack Error: EACCES: permission denied, access '/usr/lib/node_modules'
85 verbose stack     at Error (native)
86 verbose cwd /home/codio/workspace/Dcmovie
87 error Linux 4.15.0-1032-aws
88 error argv "/usr/bin/node" "/usr/bin/npm" "install" "--global" "yarn"
89 error node v6.16.0
90 error npm  v3.10.10
91 error path /usr/lib/node_modules
92 error code EACCES
93 error errno -13
94 error syscall access
95 error Error: EACCES: permission denied, access '/usr/lib/node_modules'
95 error     at Error (native)
95 error  { Error: EACCES: permission denied, access '/usr/lib/node_modules'
95 error     at Error (native)
95 error   errno: -13,
95 error   code: 'EACCES',
95 error   syscall: 'access',
95 error   path: '/usr/lib/node_modules' }
96 error Please try running this command again as root/Administrator.
97 verbose exit [ -13, true ]
